[2025-06-17T03:59:02.908969] CONNECTION SUCCESS
Server: 192.168.29.138:12345
Connection: 0.0007s, Auth: 0.0013s, Total: 0.002s
Quality: FAST
--------------------------------------------------
[2025-06-17 04:00:30] SESSION ENDED
Duration: 0:01:41
Operations: 4
------------------------------
[2025-06-17T04:00:39.974030] CONNECTION SUCCESS
Server: 192.168.29.138:12345
Connection: 0.0004s, Auth: 0.0011s, Total: 0.0014s
Quality: FAST
--------------------------------------------------
[2025-06-17T04:07:28.212267] CONNECTION SUCCESS
Server: 192.168.29.138:12345
Connection: 0.0007s, Auth: 0.0011s, Total: 0.0018s
Quality: FAST
--------------------------------------------------
[2025-06-17 04:07:34] SESSION ENDED
Duration: 0:00:35
Operations: 0
------------------------------
[2025-06-17T05:17:08.518681] CONNECTION SUCCESS
Server: 192.168.29.138:12345
Connection: 0.0136s, Auth: 0.0042s, Total: 0.0179s
Quality: FAST
--------------------------------------------------
[2025-06-17 05:18:55] SESSION ENDED
Duration: 0:02:19
Operations: 3
------------------------------
