[2025-06-16 14:18:54] TRANSFER FILE: brown-beetle-sitting-plant-close-up.jpg
  Ukuran Asli: 9803.66 KB
  Ukuran Terenkripsi: 2604.21 KB
  Ukuran Hasil: 2604.21 KB
  Waktu Persiapan: 0.1089s
  Waktu Kirim: 0.0176s
  Waktu Terima: 14.8731s
  Waktu Dekripsi: 0.1804s
  Waktu Simpan: 0.0152s
  Total Komunikasi: 14.8906s
  Total Proses Client: 0.3046s
  Kecepatan Upload: 558105.4 KB/s
  Kecepatan Download: 175.1 KB/s
  Efisiensi Kompresi: 26.6%
----------------------------------------------------------------------
[2025-06-16 14:19:40] TRANSFER FILE: insect-with-long-antennas-plant.jpg
  Ukuran Asli: 9683.87 KB
  Ukuran Terenkripsi: 2753.42 KB
  Ukuran Hasil: 2753.42 KB
  Waktu Persiapan: 0.0509s
  Waktu Kirim: 0.0132s
  Waktu Terima: 6.9372s
  Waktu Dekripsi: 0.0169s
  Waktu Simpan: 0.0064s
  Total Komunikasi: 6.9504s
  Total Proses Client: 0.0742s
  Kecepatan Upload: 733199.9 KB/s
  Kecepatan Download: 396.9 KB/s
  Efisiensi Kompresi: 28.4%
----------------------------------------------------------------------
[2025-06-16 14:19:53] TRANSFER FILE: vertical-selective-focus-shot-grasshopper-green-leaf.jpg
  Ukuran Asli: 5928.76 KB
  Ukuran Terenkripsi: 1836.82 KB
  Ukuran Hasil: 1836.81 KB
  Waktu Persiapan: 0.0346s
  Waktu Kirim: 0.0106s
  Waktu Terima: 3.2564s
  Waktu Dekripsi: 0.0048s
  Waktu Simpan: 0.0032s
  Total Komunikasi: 3.2669s
  Total Proses Client: 0.0426s
  Kecepatan Upload: 561839.7 KB/s
  Kecepatan Download: 564.1 KB/s
  Efisiensi Kompresi: 31.0%
----------------------------------------------------------------------
[2025-06-16 14:20:06] TRANSFER FILE: closeup-shot-green-grass-hopper-leaf.jpg
  Ukuran Asli: 3253.25 KB
  Ukuran Terenkripsi: 1133.93 KB
  Ukuran Hasil: 1133.92 KB
  Waktu Persiapan: 0.0711s
  Waktu Kirim: 0.0154s
  Waktu Terima: 1.7299s
  Waktu Dekripsi: 0.0024s
  Waktu Simpan: 0.002s
  Total Komunikasi: 1.7453s
  Total Proses Client: 0.0755s
  Kecepatan Upload: 210670.5 KB/s
  Kecepatan Download: 655.5 KB/s
  Efisiensi Kompresi: 34.9%
----------------------------------------------------------------------
[2025-06-16 14:20:26] TRANSFER FILE: insect-8094667_1280.jpg
  Ukuran Asli: 143.79 KB
  Ukuran Terenkripsi: 155.99 KB
  Ukuran Hasil: 155.98 KB
  Waktu Persiapan: 0.0006s
  Waktu Kirim: 0.0002s
  Waktu Terima: 1.101s
  Waktu Dekripsi: 0.001s
  Waktu Simpan: 0.0014s
  Total Komunikasi: 1.1012s
  Total Proses Client: 0.003s
  Kecepatan Upload: 826135.1 KB/s
  Kecepatan Download: 141.7 KB/s
  Efisiensi Kompresi: 108.5%
----------------------------------------------------------------------
[2025-06-16 15:42:33] closeup-shot-caterpillar-ladybug-green-leaf.jpg
Sizes: 17084.8KB -> 3996.7KB
Times: Upload 8.648s, Download 19.869s, Decrypt 0.014s
Speeds: 1975.5KB/s up, 201.2KB/s down
Total: 28.517s
--------------------------------------------------
[2025-06-16 15:43:29] insect-8094667_1280.jpg
Sizes: 143.8KB -> 156.0KB
Times: Upload 0.002s, Download 1.355s, Decrypt 0.001s
Speeds: 64225.6KB/s up, 115.2KB/s down
Total: 1.357s
--------------------------------------------------
[2025-06-16 15:43:45] vertical-selective-focus-shot-grasshopper-green-leaf.jpg
Sizes: 5928.8KB -> 1836.8KB
Times: Upload 0.419s, Download 3.287s, Decrypt 0.013s
Speeds: 14140.4KB/s up, 558.8KB/s down
Total: 3.706s
--------------------------------------------------
