[2025-06-17 03:59:33] IMG_20240908_055032_450.jpg
Sizes: 5138.3KB -> 3194.2KB
Times: Upload 0.685s, Download 10.266s, Decrypt 0.013s
Speeds: 7500.5KB/s up, 311.1KB/s down
Total: 10.951s
--------------------------------------------------
[2025-06-17 03:59:51] IMG_20240908_070147_365.jpg
Sizes: 4704.3KB -> 2596.5KB
Times: Upload 0.288s, Download 3.379s, Decrypt 0.014s
Speeds: 16336.5KB/s up, 768.5KB/s down
Total: 3.667s
--------------------------------------------------
[2025-06-17 04:00:05] IMG_20240908_060003.jpg
Sizes: 2405.0KB -> 1559.5KB
Times: Upload 0.749s, Download 2.283s, Decrypt 0.019s
Speeds: 3212.7KB/s up, 683.2KB/s down
Total: 3.031s
--------------------------------------------------
[2025-06-17 04:00:23] IMG_20240908_065721_554.jpg
Sizes: 4956.4KB -> 2730.3KB
Times: Upload 0.273s, Download 3.255s, Decrypt 0.010s
Speeds: 18143.4KB/s up, 838.7KB/s down
Total: 3.528s
--------------------------------------------------
[2025-06-17 05:17:37] camera_capture_2025-06-16T22-17-24-726Z.jpg
Sizes: 71.5KB -> 75.5KB
Times: Upload 0.001s, Download 10.617s, Decrypt 0.002s
Speeds: 64919.1KB/s up, 7.1KB/s down
Total: 10.618s
--------------------------------------------------
[2025-06-17 05:18:18] IMG_20240908_070147_365.jpg
Sizes: 4704.3KB -> 2596.5KB
Times: Upload 0.167s, Download 4.393s, Decrypt 0.017s
Speeds: 28259.4KB/s up, 591.1KB/s down
Total: 4.559s
--------------------------------------------------
[2025-06-17 05:18:43] IMG_20240908_063321.jpg
Sizes: 3648.8KB -> 1853.2KB
Times: Upload 0.093s, Download 8.015s, Decrypt 0.013s
Speeds: 39131.6KB/s up, 231.2KB/s down
Total: 8.108s
--------------------------------------------------
